[13641][1678558601236][main][info]["Booting Postman 10.11.1, linux-6.2.2-arch2-1 on x64"]
[13641][1678558601238][main][info]["EventBus~initialize - Success"]
[13641][1678558601239][main][info]["Proxy configuration has not been setup"]
[13641][1678558601240][main][info]["CloudProxyManager~init - Success"]
[13641][1678558601243][main][info]["performShellDataMigration: Starting shell data migration"]
[13641][1678558601243][main][info]["migrateShellData:Starting"]
[13641][1678558601254][main][info]["migrateShellData: Old storage cleaned up"]
[13641][1678558601499][main][info]["migrateShellData: Got data from shell. Writing to storage"]
[13641][1678558601519][main][info]["performShellDataMigration: Migration successful on try count 1"]
[13641][1678558601525][main][info]["UpdateHandler~init - Success"]
[13641][1678558601528][main][info]["LeaderSelection: Initialized successfully"]
[13641][1678558601528][main][info]["VersionDependencyService: Initialized successfully"]
[13641][1678558601535][main][info]["Generated root certificate for linux"]
[13641][1678558601537][main][info]["LinuxAutoUpdater~Cleanup - Initial cleanup successful"]
[13641][1678558601549][main][info]["GPU detected VID 4318 DID 7316 ACTIVE true"]
[13641][1678558601549][main][info]["GPU detected VID 32902 DID 39497 ACTIVE false"]
[13641][1678558601563][main][info]["shellController~init: Success"]
[13641][1678558601570][main][info]["shellMeta~init: Success"]
[13641][1678558601570][main][info]["partitionMigrationService: State of V7 partition:"]
[13641][1678558601570][main][info]["partitionMigrationService: V7 partitions",[]]
[13641][1678558601570][main][info]["partitionMigrationService~rectifyNamespaceOfScratchPadPartition: There is no partition with scratchpad namespace"]
[13641][1678558601570][main][info]["partitionMigrationService~rectifyNamespaceOfScratchPadPartition: There is no transit partition which could have been used for scratchpad"]
[13641][1678558601570][main][info]["partitionMigrationService~init: Success"]
[13641][1678558601577][main][info]["partitionMigrationService~runV8PartitionsIntegrity: Two way migration~ removing the following partitions from v8",[]]
[13641][1678558601581][main][info]["userPartitionService~_rectifyTheActivePartitionOfApplication: Setting the active partition to ",null]
[13641][1678558601587][main][info]["userPartitionService~init: Success"]
[13641][1678558601599][main][info]["userPartitionService: State of v8 partition system:"]
[13641][1678558601601][main][info]["shell~init~getPartitionToLoad: loading scratchpad partition"]
[13641][1678558601642][main][info]["userPartitionService: List of partitions:",[]]
[13641][1678558601642][main][info]["userPartitionService: users global meta:",{}]
[13641][1678558601693][main][error]["Error encountered while creating root CA",{"name":"Error","message":"RSA PRIVATE KEY not found from openssl output:\n---stdout---\n-----BEGIN PRIVATE KEY-----\nMIIEvQIBADANBgkqhkiG9w0BAQEFAASCBKcwggSjAgEAAoIBAQDXzgaMSoP8NVPW\nJRHnuQyjHEas0UpTjfokEIsZimJbYOkYBI2JlFLudwiYW9gvu8ifRVpBSpf7qQcW\ndKdTFEGG0mHVAbDZD/ZVMEetBquTh/Z/FD1pgXvFoCCdllnsZh6CetjZEwN2F2vs\nM5yXv5sfLOvLjihfZL7xQ0X1OT7wgv5KUGqoZxZ0YF6ilNE2keoYFNyBLKVZssK0\nuf3QxwT7HAn/rVYzshVNhIwJCy3o4nv4zCFVzu8bc+gEnSe2bba9pKXgiGMBcLMU\nyC3svflprxLsqjnmg2jg3jHsBI1IrFZc+WK32qutF5PvjQz4xpL0QjGiTv9HKNTp\nDybfpat7AgMBAAECggEAZbVgqasO9IWPqyxSeYNh/Nf9SULkhGe0Pl4bqOBrRcTx\nZtPyfyaMRX6Nav1ScQDQZ5xQktgctEuwHvnAyKuRzICIAlOnLU5UG0dDaL1tjP02\nBCOeZATWOEilRpBPdlaUx4ste3V2GqikQTD7+xsfeXx67zdjOL5rLZs2tAIUc1Zz\nhkJtg0DzyKm9d75pSC9+RSAFRw8dOMqlktPuX6QFpQo1Z+uD0qn32l1hSbrZv4XZ\nLUygvpyN7yRqcV8J/0vG5vwrZlzhM0jn0Mx4Ri9kIx/O1iIHRxK48B4unY2MB5Jk\niObmpR+ZtezXL/Mx2mZGq/2MLTRU1fc2AYENWncVDQKBgQD7MF6TBV+lVWNRM7Nm\ncTg+5roo64URKYXywuTmHJ+xOv+k2a9rNz3/nNsHviX7+O50XNBYfjuGSNmP5QII\nZoh3vGEiCaIgBRYvOSVP/4dVkNe29qz27VjcOHySVYe3YK7bW7+8Z4/rsDC1n9xA\ntr7kUUd8BnN2MgztlyXmZZOg3QKBgQDb8CkRb9RQ7+6vE6/mPAJi/EqMeOEK2J21\n2HMtz87Q0ndakUljQg8bIwQRTlzcBPNQtrGVpwznq8pwisai2sTzIQPXoM8Im1tH\n6Hr/BiattKW66yuVtGdUmAte82inPBURUfsyt/2/BrkM9WzpTY24uJntaSm/Bwsr\nibK5sNbMNwKBgQCBUWmfL0kKiWdUStW1i9x1Jbv5jSc4qrP3Qzcs8NeWGtW6PQf+\nnrYgftSUq+RKUOISriXlKTfj7mVzm2bshD0Fx8oKCAObkILXVQhMozU9bBBidaSe\ni5sP5VTc0YPJeNEMxbN0f6ysnky1dNOjzXGBggbXZ0rSMvpM51/vuaPDUQKBgDvi\n//u8fI5xVoebj7jcPDYhxlbLj1N5ui/KuUoPHJxlwpQJnXcGhMB532Cq+sP6IRqo\nNGCwdOYcM+pDD2VGtnwRUE+FfPo1+zvwRJVuYlfIKZxk7qA72CsDn40CMEvhI0dt\nED42NUSvmvG5XieEs4NJ2Lf5e6GFVHhNbTn8ufAvAoGABtbA94jpdLhTUiChUAfy\nawRDnI6rHUtDxuqiVxk4lE5Il1uN1jxZjGxFL0uOWMWtv77tSJzY8CaLb/hvHJF1\n7YImHYJz9d9DRsGruNlS4IILcRwoju6kQORDvzXpxaOvILXXKvXfE19bxDmrxkBd\ntNTMKefTeN5G9zBlsEDcgA0=\n-----END PRIVATE KEY-----\n\n---stderr---\n\ncode: 0","stack":"Error: RSA PRIVATE KEY not found from openssl output:\n---stdout---\n-----BEGIN PRIVATE KEY-----\nMIIEvQIBADANBgkqhkiG9w0BAQEFAASCBKcwggSjAgEAAoIBAQDXzgaMSoP8NVPW\nJRHnuQyjHEas0UpTjfokEIsZimJbYOkYBI2JlFLudwiYW9gvu8ifRVpBSpf7qQcW\ndKdTFEGG0mHVAbDZD/ZVMEetBquTh/Z/FD1pgXvFoCCdllnsZh6CetjZEwN2F2vs\nM5yXv5sfLOvLjihfZL7xQ0X1OT7wgv5KUGqoZxZ0YF6ilNE2keoYFNyBLKVZssK0\nuf3QxwT7HAn/rVYzshVNhIwJCy3o4nv4zCFVzu8bc+gEnSe2bba9pKXgiGMBcLMU\nyC3svflprxLsqjnmg2jg3jHsBI1IrFZc+WK32qutF5PvjQz4xpL0QjGiTv9HKNTp\nDybfpat7AgMBAAECggEAZbVgqasO9IWPqyxSeYNh/Nf9SULkhGe0Pl4bqOBrRcTx\nZtPyfyaMRX6Nav1ScQDQZ5xQktgctEuwHvnAyKuRzICIAlOnLU5UG0dDaL1tjP02\nBCOeZATWOEilRpBPdlaUx4ste3V2GqikQTD7+xsfeXx67zdjOL5rLZs2tAIUc1Zz\nhkJtg0DzyKm9d75pSC9+RSAFRw8dOMqlktPuX6QFpQo1Z+uD0qn32l1hSbrZv4XZ\nLUygvpyN7yRqcV8J/0vG5vwrZlzhM0jn0Mx4Ri9kIx/O1iIHRxK48B4unY2MB5Jk\niObmpR+ZtezXL/Mx2mZGq/2MLTRU1fc2AYENWncVDQKBgQD7MF6TBV+lVWNRM7Nm\ncTg+5roo64URKYXywuTmHJ+xOv+k2a9rNz3/nNsHviX7+O50XNBYfjuGSNmP5QII\nZoh3vGEiCaIgBRYvOSVP/4dVkNe29qz27VjcOHySVYe3YK7bW7+8Z4/rsDC1n9xA\ntr7kUUd8BnN2MgztlyXmZZOg3QKBgQDb8CkRb9RQ7+6vE6/mPAJi/EqMeOEK2J21\n2HMtz87Q0ndakUljQg8bIwQRTlzcBPNQtrGVpwznq8pwisai2sTzIQPXoM8Im1tH\n6Hr/BiattKW66yuVtGdUmAte82inPBURUfsyt/2/BrkM9WzpTY24uJntaSm/Bwsr\nibK5sNbMNwKBgQCBUWmfL0kKiWdUStW1i9x1Jbv5jSc4qrP3Qzcs8NeWGtW6PQf+\nnrYgftSUq+RKUOISriXlKTfj7mVzm2bshD0Fx8oKCAObkILXVQhMozU9bBBidaSe\ni5sP5VTc0YPJeNEMxbN0f6ysnky1dNOjzXGBggbXZ0rSMvpM51/vuaPDUQKBgDvi\n//u8fI5xVoebj7jcPDYhxlbLj1N5ui/KuUoPHJxlwpQJnXcGhMB532Cq+sP6IRqo\nNGCwdOYcM+pDD2VGtnwRUE+FfPo1+zvwRJVuYlfIKZxk7qA72CsDn40CMEvhI0dt\nED42NUSvmvG5XieEs4NJ2Lf5e6GFVHhNbTn8ufAvAoGABtbA94jpdLhTUiChUAfy\nawRDnI6rHUtDxuqiVxk4lE5Il1uN1jxZjGxFL0uOWMWtv77tSJzY8CaLb/hvHJF1\n7YImHYJz9d9DRsGruNlS4IILcRwoju6kQORDvzXpxaOvILXXKvXfE19bxDmrxkBd\ntNTMKefTeN5G9zBlsEDcgA0=\n-----END PRIVATE KEY-----\n\n---stderr---\n\ncode: 0\n    at /opt/postman/app/resources/app/node_modules/pem/lib/openssl.js:80:23\n    at /opt/postman/app/resources/app/node_modules/pem/lib/openssl.js:222:7\n    at deleteSeries (/opt/postman/app/resources/app/node_modules/pem/lib/helper.js:130:14)\n    at Object.module.exports.deleteTempFiles (/opt/postman/app/resources/app/node_modules/pem/lib/helper.js:133:3)\n    at /opt/postman/app/resources/app/node_modules/pem/lib/openssl.js:221:12\n    at done (/opt/postman/app/resources/app/node_modules/pem/lib/openssl.js:160:18)\n    at ChildProcess.<anonymous> (/opt/postman/app/resources/app/node_modules/pem/lib/openssl.js:175:7)\n    at ChildProcess.emit (node:events:390:28)\n    at ChildProcess.emit (node:domain:475:12)\n    at maybeClose (node:internal/child_process:1064:16)"}]
[13641][1678558601693][main][error]["Error generating rootCA certificate for HTTPS proxy",{"name":"Error","message":"RSA PRIVATE KEY not found from openssl output:\n---stdout---\n-----BEGIN PRIVATE KEY-----\nMIIEvQIBADANBgkqhkiG9w0BAQEFAASCBKcwggSjAgEAAoIBAQDXzgaMSoP8NVPW\nJRHnuQyjHEas0UpTjfokEIsZimJbYOkYBI2JlFLudwiYW9gvu8ifRVpBSpf7qQcW\ndKdTFEGG0mHVAbDZD/ZVMEetBquTh/Z/FD1pgXvFoCCdllnsZh6CetjZEwN2F2vs\nM5yXv5sfLOvLjihfZL7xQ0X1OT7wgv5KUGqoZxZ0YF6ilNE2keoYFNyBLKVZssK0\nuf3QxwT7HAn/rVYzshVNhIwJCy3o4nv4zCFVzu8bc+gEnSe2bba9pKXgiGMBcLMU\nyC3svflprxLsqjnmg2jg3jHsBI1IrFZc+WK32qutF5PvjQz4xpL0QjGiTv9HKNTp\nDybfpat7AgMBAAECggEAZbVgqasO9IWPqyxSeYNh/Nf9SULkhGe0Pl4bqOBrRcTx\nZtPyfyaMRX6Nav1ScQDQZ5xQktgctEuwHvnAyKuRzICIAlOnLU5UG0dDaL1tjP02\nBCOeZATWOEilRpBPdlaUx4ste3V2GqikQTD7+xsfeXx67zdjOL5rLZs2tAIUc1Zz\nhkJtg0DzyKm9d75pSC9+RSAFRw8dOMqlktPuX6QFpQo1Z+uD0qn32l1hSbrZv4XZ\nLUygvpyN7yRqcV8J/0vG5vwrZlzhM0jn0Mx4Ri9kIx/O1iIHRxK48B4unY2MB5Jk\niObmpR+ZtezXL/Mx2mZGq/2MLTRU1fc2AYENWncVDQKBgQD7MF6TBV+lVWNRM7Nm\ncTg+5roo64URKYXywuTmHJ+xOv+k2a9rNz3/nNsHviX7+O50XNBYfjuGSNmP5QII\nZoh3vGEiCaIgBRYvOSVP/4dVkNe29qz27VjcOHySVYe3YK7bW7+8Z4/rsDC1n9xA\ntr7kUUd8BnN2MgztlyXmZZOg3QKBgQDb8CkRb9RQ7+6vE6/mPAJi/EqMeOEK2J21\n2HMtz87Q0ndakUljQg8bIwQRTlzcBPNQtrGVpwznq8pwisai2sTzIQPXoM8Im1tH\n6Hr/BiattKW66yuVtGdUmAte82inPBURUfsyt/2/BrkM9WzpTY24uJntaSm/Bwsr\nibK5sNbMNwKBgQCBUWmfL0kKiWdUStW1i9x1Jbv5jSc4qrP3Qzcs8NeWGtW6PQf+\nnrYgftSUq+RKUOISriXlKTfj7mVzm2bshD0Fx8oKCAObkILXVQhMozU9bBBidaSe\ni5sP5VTc0YPJeNEMxbN0f6ysnky1dNOjzXGBggbXZ0rSMvpM51/vuaPDUQKBgDvi\n//u8fI5xVoebj7jcPDYhxlbLj1N5ui/KuUoPHJxlwpQJnXcGhMB532Cq+sP6IRqo\nNGCwdOYcM+pDD2VGtnwRUE+FfPo1+zvwRJVuYlfIKZxk7qA72CsDn40CMEvhI0dt\nED42NUSvmvG5XieEs4NJ2Lf5e6GFVHhNbTn8ufAvAoGABtbA94jpdLhTUiChUAfy\nawRDnI6rHUtDxuqiVxk4lE5Il1uN1jxZjGxFL0uOWMWtv77tSJzY8CaLb/hvHJF1\n7YImHYJz9d9DRsGruNlS4IILcRwoju6kQORDvzXpxaOvILXXKvXfE19bxDmrxkBd\ntNTMKefTeN5G9zBlsEDcgA0=\n-----END PRIVATE KEY-----\n\n---stderr---\n\ncode: 0","stack":"Error: RSA PRIVATE KEY not found from openssl output:\n---stdout---\n-----BEGIN PRIVATE KEY-----\nMIIEvQIBADANBgkqhkiG9w0BAQEFAASCBKcwggSjAgEAAoIBAQDXzgaMSoP8NVPW\nJRHnuQyjHEas0UpTjfokEIsZimJbYOkYBI2JlFLudwiYW9gvu8ifRVpBSpf7qQcW\ndKdTFEGG0mHVAbDZD/ZVMEetBquTh/Z/FD1pgXvFoCCdllnsZh6CetjZEwN2F2vs\nM5yXv5sfLOvLjihfZL7xQ0X1OT7wgv5KUGqoZxZ0YF6ilNE2keoYFNyBLKVZssK0\nuf3QxwT7HAn/rVYzshVNhIwJCy3o4nv4zCFVzu8bc+gEnSe2bba9pKXgiGMBcLMU\nyC3svflprxLsqjnmg2jg3jHsBI1IrFZc+WK32qutF5PvjQz4xpL0QjGiTv9HKNTp\nDybfpat7AgMBAAECggEAZbVgqasO9IWPqyxSeYNh/Nf9SULkhGe0Pl4bqOBrRcTx\nZtPyfyaMRX6Nav1ScQDQZ5xQktgctEuwHvnAyKuRzICIAlOnLU5UG0dDaL1tjP02\nBCOeZATWOEilRpBPdlaUx4ste3V2GqikQTD7+xsfeXx67zdjOL5rLZs2tAIUc1Zz\nhkJtg0DzyKm9d75pSC9+RSAFRw8dOMqlktPuX6QFpQo1Z+uD0qn32l1hSbrZv4XZ\nLUygvpyN7yRqcV8J/0vG5vwrZlzhM0jn0Mx4Ri9kIx/O1iIHRxK48B4unY2MB5Jk\niObmpR+ZtezXL/Mx2mZGq/2MLTRU1fc2AYENWncVDQKBgQD7MF6TBV+lVWNRM7Nm\ncTg+5roo64URKYXywuTmHJ+xOv+k2a9rNz3/nNsHviX7+O50XNBYfjuGSNmP5QII\nZoh3vGEiCaIgBRYvOSVP/4dVkNe29qz27VjcOHySVYe3YK7bW7+8Z4/rsDC1n9xA\ntr7kUUd8BnN2MgztlyXmZZOg3QKBgQDb8CkRb9RQ7+6vE6/mPAJi/EqMeOEK2J21\n2HMtz87Q0ndakUljQg8bIwQRTlzcBPNQtrGVpwznq8pwisai2sTzIQPXoM8Im1tH\n6Hr/BiattKW66yuVtGdUmAte82inPBURUfsyt/2/BrkM9WzpTY24uJntaSm/Bwsr\nibK5sNbMNwKBgQCBUWmfL0kKiWdUStW1i9x1Jbv5jSc4qrP3Qzcs8NeWGtW6PQf+\nnrYgftSUq+RKUOISriXlKTfj7mVzm2bshD0Fx8oKCAObkILXVQhMozU9bBBidaSe\ni5sP5VTc0YPJeNEMxbN0f6ysnky1dNOjzXGBggbXZ0rSMvpM51/vuaPDUQKBgDvi\n//u8fI5xVoebj7jcPDYhxlbLj1N5ui/KuUoPHJxlwpQJnXcGhMB532Cq+sP6IRqo\nNGCwdOYcM+pDD2VGtnwRUE+FfPo1+zvwRJVuYlfIKZxk7qA72CsDn40CMEvhI0dt\nED42NUSvmvG5XieEs4NJ2Lf5e6GFVHhNbTn8ufAvAoGABtbA94jpdLhTUiChUAfy\nawRDnI6rHUtDxuqiVxk4lE5Il1uN1jxZjGxFL0uOWMWtv77tSJzY8CaLb/hvHJF1\n7YImHYJz9d9DRsGruNlS4IILcRwoju6kQORDvzXpxaOvILXXKvXfE19bxDmrxkBd\ntNTMKefTeN5G9zBlsEDcgA0=\n-----END PRIVATE KEY-----\n\n---stderr---\n\ncode: 0\n    at /opt/postman/app/resources/app/node_modules/pem/lib/openssl.js:80:23\n    at /opt/postman/app/resources/app/node_modules/pem/lib/openssl.js:222:7\n    at deleteSeries (/opt/postman/app/resources/app/node_modules/pem/lib/helper.js:130:14)\n    at Object.module.exports.deleteTempFiles (/opt/postman/app/resources/app/node_modules/pem/lib/helper.js:133:3)\n    at /opt/postman/app/resources/app/node_modules/pem/lib/openssl.js:221:12\n    at done (/opt/postman/app/resources/app/node_modules/pem/lib/openssl.js:160:18)\n    at ChildProcess.<anonymous> (/opt/postman/app/resources/app/node_modules/pem/lib/openssl.js:175:7)\n    at ChildProcess.emit (node:events:390:28)\n    at ChildProcess.emit (node:domain:475:12)\n    at maybeClose (node:internal/child_process:1064:16)"}]
[13641][1678558602963][main][info]["RuntimeIPCAgent~started: Success"]
[13641][1678558603297][main][info]["UpdateHandler~app-update-events - Received event",{"name":"checkForElectronVersionUpdated","namespace":"appUpdate"}]
[13641][1678558603309][main][info]["windowManager: First requester booted successfully."]
[13641][1678558603310][main][info]["windowManager~restoreWindows: Restoring requester windows"]
[13641][1678558603310][main][info]["Main~AppEvents - Received booted event for process requester.Version undefined UI Version: undefined Desktop Platform Version: 10.11.1"]
[13641][1678558608085][main][info]["WindowManager~closeHandler - Closed Window (id: 2 )"]
[13641][1678558608096][main][info]["Quitting app"]
[24164][1678584716577][main][info]["Booting Postman 10.11.1, linux-6.2.2-arch2-1 on x64"]
[24164][1678584716578][main][info]["EventBus~initialize - Success"]
[24164][1678584716580][main][info]["Proxy configuration has not been setup"]
[24164][1678584716580][main][info]["CloudProxyManager~init - Success"]
[24164][1678584716594][main][info]["performShellDataMigration: Migration has already been done. Bailing out"]
[24164][1678584716600][main][info]["UpdateHandler~init - Success"]
[24164][1678584716601][main][info]["LeaderSelection: Initialized successfully"]
[24164][1678584716602][main][info]["VersionDependencyService: Initialized successfully"]
[24164][1678584716606][main][info]["Generated root certificate for linux"]
[24164][1678584716608][main][info]["LinuxAutoUpdater~Cleanup - Initial cleanup successful"]
[24164][1678584716617][main][info]["GPU detected VID 4318 DID 7316 ACTIVE true"]
[24164][1678584716617][main][info]["GPU detected VID 32902 DID 39497 ACTIVE false"]
[24164][1678584716630][main][info]["shellController~init: Success"]
[24164][1678584716633][main][info]["shellMeta~init: Success"]
[24164][1678584716634][main][info]["partitionMigrationService: State of V7 partition:"]
[24164][1678584716634][main][info]["partitionMigrationService: V7 partitions",[]]
[24164][1678584716634][main][info]["partitionMigrationService~rectifyNamespaceOfScratchPadPartition: There is no partition with scratchpad namespace"]
[24164][1678584716634][main][info]["partitionMigrationService~rectifyNamespaceOfScratchPadPartition: There is no transit partition which could have been used for scratchpad"]
[24164][1678584716634][main][info]["partitionMigrationService~init: Success"]
[24164][1678584716639][main][info]["partitionMigrationService~runV8PartitionsIntegrity: Two way migration~ removing the following partitions from v8",[]]
[24164][1678584716642][main][info]["userPartitionService~_rectifyTheActivePartitionOfApplication: Setting the active partition to ",null]
[24164][1678584716647][main][info]["userPartitionService~init: Success"]
[24164][1678584716657][main][info]["userPartitionService: State of v8 partition system:"]
[24164][1678584716659][main][info]["shell~init~getPartitionToLoad: loading scratchpad partition"]
[24164][1678584716660][main][info]["userPartitionService: List of partitions:",[{"partitionId":"a4ecbc4f-6a48-4078-bee6-99768bffcbfd","namespace":"scratchPad","userId":0,"teamId":0,"isDirty":false}]]
[24164][1678584716660][main][info]["userPartitionService: users global meta:",{}]
[24164][1678584716771][main][error]["Error encountered while creating root CA",{"name":"Error","message":"RSA PRIVATE KEY not found from openssl output:\n---stdout---\n-----BEGIN PRIVATE KEY-----\nMIIEvAIBADANBgkqhkiG9w0BAQEFAASCBKYwggSiAgEAAoIBAQDK/ECQQHDeAQig\nIsbO6qva/35se9JCXlkNLdvHaqLaoOTFZoXdqSvvG+7mMxAMFR1k7SZz0E8Df8aW\nnBRJzFGkvOwBDTSyEup+0k+rOqK2ML1Pi5LVwtvica9BJGvbJ7k7QP8njPKi0rEm\ns9FYoA7K0z9UeydO6hs9CU7+QpRD3fieRFaCKuN1kORgFvCX4+Cnih3Pbzi+OkEa\nsLGZW5IQslPknqGTERHfObFBLY/o3oKMf+FooWrEp+AvA66p0j6Mqlny7neU0SuJ\nkVBvkOxL423XSLY/T63GSqKctvOpZRuFfxBPYiQQKTWs5dMn+zq5KosP/ZoSP+Jl\n9uWBiwDZAgMBAAECggEAATcDyuk707RVYSH8JyJj725eixctobyPU2MeIOIsQds7\nK0xLClHYI7j609Fj6/KXZ7J8q65IPsjdvyqFe5CXv4Dq97GkylkPIr2vAOMbtLPz\neh2nfhSJvN/50M2/QINLGkXwEQRIsn1I1qa2Xs2scP3VL/QBvvjrO1EKMj7jRMm1\nVizUBUZF9HUVGotQF0o0zWPMDqeIhJ3B0YMOyzW+aHZhENSRXRfEpTXJ0Uf7k0Il\nMsfqp9tCj/1JRk1dBs15kOAE+XZ4psCHdOHqFd5WHzORcEbmfikp+4Xx9twOZRPg\n60hQoMER819EOAipqb1PqMdqb7Hh9NGXayUj4VarAQKBgQD0pAroA3dppNneWc/T\nP/FhfULKXVaQ9CTKIVqM2qH+LtC+ntZlZvREHyvS8/uh3B4m0qw7Qw9O71FyzeU8\n8ty5bmn0kOBcG46P4GbAEeC0MbxNWnKbu98JxDXtYzW8j/ntUOY9xufieWS0t48P\nVoRFfyUPiIa/H3GchHHwT9SggQKBgQDUaREAyJWheeOG1toypo9lz/xOa1j910iT\nrYwdEJt6nvX1ujEvLX61SkuGebSNdtNQMIh5GWN/XLJw6US8VY0E+KszoWWmgSMl\nGasn69pSLunZnRWPdcuXUpELgE2nRFCWXEFtKjRKHGsIL6osy3HNhQbPfClBSEVj\nlcY0rYU0WQKBgCL968lv5X6o47jYI8/Vj5MgNZN4ck9dfH2k86y+APm4fIcndQcg\nCMRNqRkNaOqn73AiJhx75Q6nUIEZTja/ji6/ykv/BPhnwKZ3tHq4k+lyS7rMuyPn\nZWmiNQx1alRES71UGvqvHq/YKT1oHABXoafHHefw4UUpHDkFAL8czA8BAoGAOO0f\nnXIkh+4+yDh0qfZxn/upxuqGIyG7VbjBQFjfEnHfwUdxPw+WUcfjjdq4ROF/qJIZ\nQTtIqy2QtSoPPdo/vQFYALJUp9ccMCk88aoIDNZ93dB3oscTFS8PqGFublGkt2dq\nMXOKKAKNvNfpZ6/uhAIO3TSNae2QiyvsvtlyRaECgYBvyuETAtQlEJ1EmbLO5bKd\nBwfgxdi3Ztmag7MFN4pKa46jI0G+0QjqTTsvA1NwPyFu/vBQUS7b0pbNSQEPaTuB\n7xOasSWYqTFI6ofxAKAwGFmn2Q7xTyenNrvjCQ8cuURkMejaJTb4psXLKJ+U/eJe\nHyZb5QrZOmmDkTsdM8mzpw==\n-----END PRIVATE KEY-----\n\n---stderr---\n\ncode: 0","stack":"Error: RSA PRIVATE KEY not found from openssl output:\n---stdout---\n-----BEGIN PRIVATE KEY-----\nMIIEvAIBADANBgkqhkiG9w0BAQEFAASCBKYwggSiAgEAAoIBAQDK/ECQQHDeAQig\nIsbO6qva/35se9JCXlkNLdvHaqLaoOTFZoXdqSvvG+7mMxAMFR1k7SZz0E8Df8aW\nnBRJzFGkvOwBDTSyEup+0k+rOqK2ML1Pi5LVwtvica9BJGvbJ7k7QP8njPKi0rEm\ns9FYoA7K0z9UeydO6hs9CU7+QpRD3fieRFaCKuN1kORgFvCX4+Cnih3Pbzi+OkEa\nsLGZW5IQslPknqGTERHfObFBLY/o3oKMf+FooWrEp+AvA66p0j6Mqlny7neU0SuJ\nkVBvkOxL423XSLY/T63GSqKctvOpZRuFfxBPYiQQKTWs5dMn+zq5KosP/ZoSP+Jl\n9uWBiwDZAgMBAAECggEAATcDyuk707RVYSH8JyJj725eixctobyPU2MeIOIsQds7\nK0xLClHYI7j609Fj6/KXZ7J8q65IPsjdvyqFe5CXv4Dq97GkylkPIr2vAOMbtLPz\neh2nfhSJvN/50M2/QINLGkXwEQRIsn1I1qa2Xs2scP3VL/QBvvjrO1EKMj7jRMm1\nVizUBUZF9HUVGotQF0o0zWPMDqeIhJ3B0YMOyzW+aHZhENSRXRfEpTXJ0Uf7k0Il\nMsfqp9tCj/1JRk1dBs15kOAE+XZ4psCHdOHqFd5WHzORcEbmfikp+4Xx9twOZRPg\n60hQoMER819EOAipqb1PqMdqb7Hh9NGXayUj4VarAQKBgQD0pAroA3dppNneWc/T\nP/FhfULKXVaQ9CTKIVqM2qH+LtC+ntZlZvREHyvS8/uh3B4m0qw7Qw9O71FyzeU8\n8ty5bmn0kOBcG46P4GbAEeC0MbxNWnKbu98JxDXtYzW8j/ntUOY9xufieWS0t48P\nVoRFfyUPiIa/H3GchHHwT9SggQKBgQDUaREAyJWheeOG1toypo9lz/xOa1j910iT\nrYwdEJt6nvX1ujEvLX61SkuGebSNdtNQMIh5GWN/XLJw6US8VY0E+KszoWWmgSMl\nGasn69pSLunZnRWPdcuXUpELgE2nRFCWXEFtKjRKHGsIL6osy3HNhQbPfClBSEVj\nlcY0rYU0WQKBgCL968lv5X6o47jYI8/Vj5MgNZN4ck9dfH2k86y+APm4fIcndQcg\nCMRNqRkNaOqn73AiJhx75Q6nUIEZTja/ji6/ykv/BPhnwKZ3tHq4k+lyS7rMuyPn\nZWmiNQx1alRES71UGvqvHq/YKT1oHABXoafHHefw4UUpHDkFAL8czA8BAoGAOO0f\nnXIkh+4+yDh0qfZxn/upxuqGIyG7VbjBQFjfEnHfwUdxPw+WUcfjjdq4ROF/qJIZ\nQTtIqy2QtSoPPdo/vQFYALJUp9ccMCk88aoIDNZ93dB3oscTFS8PqGFublGkt2dq\nMXOKKAKNvNfpZ6/uhAIO3TSNae2QiyvsvtlyRaECgYBvyuETAtQlEJ1EmbLO5bKd\nBwfgxdi3Ztmag7MFN4pKa46jI0G+0QjqTTsvA1NwPyFu/vBQUS7b0pbNSQEPaTuB\n7xOasSWYqTFI6ofxAKAwGFmn2Q7xTyenNrvjCQ8cuURkMejaJTb4psXLKJ+U/eJe\nHyZb5QrZOmmDkTsdM8mzpw==\n-----END PRIVATE KEY-----\n\n---stderr---\n\ncode: 0\n    at /opt/postman/app/resources/app/node_modules/pem/lib/openssl.js:80:23\n    at /opt/postman/app/resources/app/node_modules/pem/lib/openssl.js:222:7\n    at deleteSeries (/opt/postman/app/resources/app/node_modules/pem/lib/helper.js:130:14)\n    at Object.module.exports.deleteTempFiles (/opt/postman/app/resources/app/node_modules/pem/lib/helper.js:133:3)\n    at /opt/postman/app/resources/app/node_modules/pem/lib/openssl.js:221:12\n    at done (/opt/postman/app/resources/app/node_modules/pem/lib/openssl.js:160:18)\n    at ChildProcess.<anonymous> (/opt/postman/app/resources/app/node_modules/pem/lib/openssl.js:175:7)\n    at ChildProcess.emit (node:events:390:28)\n    at ChildProcess.emit (node:domain:475:12)\n    at maybeClose (node:internal/child_process:1064:16)"}]
[24164][1678584716772][main][error]["Error generating rootCA certificate for HTTPS proxy",{"name":"Error","message":"RSA PRIVATE KEY not found from openssl output:\n---stdout---\n-----BEGIN PRIVATE KEY-----\nMIIEvAIBADANBgkqhkiG9w0BAQEFAASCBKYwggSiAgEAAoIBAQDK/ECQQHDeAQig\nIsbO6qva/35se9JCXlkNLdvHaqLaoOTFZoXdqSvvG+7mMxAMFR1k7SZz0E8Df8aW\nnBRJzFGkvOwBDTSyEup+0k+rOqK2ML1Pi5LVwtvica9BJGvbJ7k7QP8njPKi0rEm\ns9FYoA7K0z9UeydO6hs9CU7+QpRD3fieRFaCKuN1kORgFvCX4+Cnih3Pbzi+OkEa\nsLGZW5IQslPknqGTERHfObFBLY/o3oKMf+FooWrEp+AvA66p0j6Mqlny7neU0SuJ\nkVBvkOxL423XSLY/T63GSqKctvOpZRuFfxBPYiQQKTWs5dMn+zq5KosP/ZoSP+Jl\n9uWBiwDZAgMBAAECggEAATcDyuk707RVYSH8JyJj725eixctobyPU2MeIOIsQds7\nK0xLClHYI7j609Fj6/KXZ7J8q65IPsjdvyqFe5CXv4Dq97GkylkPIr2vAOMbtLPz\neh2nfhSJvN/50M2/QINLGkXwEQRIsn1I1qa2Xs2scP3VL/QBvvjrO1EKMj7jRMm1\nVizUBUZF9HUVGotQF0o0zWPMDqeIhJ3B0YMOyzW+aHZhENSRXRfEpTXJ0Uf7k0Il\nMsfqp9tCj/1JRk1dBs15kOAE+XZ4psCHdOHqFd5WHzORcEbmfikp+4Xx9twOZRPg\n60hQoMER819EOAipqb1PqMdqb7Hh9NGXayUj4VarAQKBgQD0pAroA3dppNneWc/T\nP/FhfULKXVaQ9CTKIVqM2qH+LtC+ntZlZvREHyvS8/uh3B4m0qw7Qw9O71FyzeU8\n8ty5bmn0kOBcG46P4GbAEeC0MbxNWnKbu98JxDXtYzW8j/ntUOY9xufieWS0t48P\nVoRFfyUPiIa/H3GchHHwT9SggQKBgQDUaREAyJWheeOG1toypo9lz/xOa1j910iT\nrYwdEJt6nvX1ujEvLX61SkuGebSNdtNQMIh5GWN/XLJw6US8VY0E+KszoWWmgSMl\nGasn69pSLunZnRWPdcuXUpELgE2nRFCWXEFtKjRKHGsIL6osy3HNhQbPfClBSEVj\nlcY0rYU0WQKBgCL968lv5X6o47jYI8/Vj5MgNZN4ck9dfH2k86y+APm4fIcndQcg\nCMRNqRkNaOqn73AiJhx75Q6nUIEZTja/ji6/ykv/BPhnwKZ3tHq4k+lyS7rMuyPn\nZWmiNQx1alRES71UGvqvHq/YKT1oHABXoafHHefw4UUpHDkFAL8czA8BAoGAOO0f\nnXIkh+4+yDh0qfZxn/upxuqGIyG7VbjBQFjfEnHfwUdxPw+WUcfjjdq4ROF/qJIZ\nQTtIqy2QtSoPPdo/vQFYALJUp9ccMCk88aoIDNZ93dB3oscTFS8PqGFublGkt2dq\nMXOKKAKNvNfpZ6/uhAIO3TSNae2QiyvsvtlyRaECgYBvyuETAtQlEJ1EmbLO5bKd\nBwfgxdi3Ztmag7MFN4pKa46jI0G+0QjqTTsvA1NwPyFu/vBQUS7b0pbNSQEPaTuB\n7xOasSWYqTFI6ofxAKAwGFmn2Q7xTyenNrvjCQ8cuURkMejaJTb4psXLKJ+U/eJe\nHyZb5QrZOmmDkTsdM8mzpw==\n-----END PRIVATE KEY-----\n\n---stderr---\n\ncode: 0","stack":"Error: RSA PRIVATE KEY not found from openssl output:\n---stdout---\n-----BEGIN PRIVATE KEY-----\nMIIEvAIBADANBgkqhkiG9w0BAQEFAASCBKYwggSiAgEAAoIBAQDK/ECQQHDeAQig\nIsbO6qva/35se9JCXlkNLdvHaqLaoOTFZoXdqSvvG+7mMxAMFR1k7SZz0E8Df8aW\nnBRJzFGkvOwBDTSyEup+0k+rOqK2ML1Pi5LVwtvica9BJGvbJ7k7QP8njPKi0rEm\ns9FYoA7K0z9UeydO6hs9CU7+QpRD3fieRFaCKuN1kORgFvCX4+Cnih3Pbzi+OkEa\nsLGZW5IQslPknqGTERHfObFBLY/o3oKMf+FooWrEp+AvA66p0j6Mqlny7neU0SuJ\nkVBvkOxL423XSLY/T63GSqKctvOpZRuFfxBPYiQQKTWs5dMn+zq5KosP/ZoSP+Jl\n9uWBiwDZAgMBAAECggEAATcDyuk707RVYSH8JyJj725eixctobyPU2MeIOIsQds7\nK0xLClHYI7j609Fj6/KXZ7J8q65IPsjdvyqFe5CXv4Dq97GkylkPIr2vAOMbtLPz\neh2nfhSJvN/50M2/QINLGkXwEQRIsn1I1qa2Xs2scP3VL/QBvvjrO1EKMj7jRMm1\nVizUBUZF9HUVGotQF0o0zWPMDqeIhJ3B0YMOyzW+aHZhENSRXRfEpTXJ0Uf7k0Il\nMsfqp9tCj/1JRk1dBs15kOAE+XZ4psCHdOHqFd5WHzORcEbmfikp+4Xx9twOZRPg\n60hQoMER819EOAipqb1PqMdqb7Hh9NGXayUj4VarAQKBgQD0pAroA3dppNneWc/T\nP/FhfULKXVaQ9CTKIVqM2qH+LtC+ntZlZvREHyvS8/uh3B4m0qw7Qw9O71FyzeU8\n8ty5bmn0kOBcG46P4GbAEeC0MbxNWnKbu98JxDXtYzW8j/ntUOY9xufieWS0t48P\nVoRFfyUPiIa/H3GchHHwT9SggQKBgQDUaREAyJWheeOG1toypo9lz/xOa1j910iT\nrYwdEJt6nvX1ujEvLX61SkuGebSNdtNQMIh5GWN/XLJw6US8VY0E+KszoWWmgSMl\nGasn69pSLunZnRWPdcuXUpELgE2nRFCWXEFtKjRKHGsIL6osy3HNhQbPfClBSEVj\nlcY0rYU0WQKBgCL968lv5X6o47jYI8/Vj5MgNZN4ck9dfH2k86y+APm4fIcndQcg\nCMRNqRkNaOqn73AiJhx75Q6nUIEZTja/ji6/ykv/BPhnwKZ3tHq4k+lyS7rMuyPn\nZWmiNQx1alRES71UGvqvHq/YKT1oHABXoafHHefw4UUpHDkFAL8czA8BAoGAOO0f\nnXIkh+4+yDh0qfZxn/upxuqGIyG7VbjBQFjfEnHfwUdxPw+WUcfjjdq4ROF/qJIZ\nQTtIqy2QtSoPPdo/vQFYALJUp9ccMCk88aoIDNZ93dB3oscTFS8PqGFublGkt2dq\nMXOKKAKNvNfpZ6/uhAIO3TSNae2QiyvsvtlyRaECgYBvyuETAtQlEJ1EmbLO5bKd\nBwfgxdi3Ztmag7MFN4pKa46jI0G+0QjqTTsvA1NwPyFu/vBQUS7b0pbNSQEPaTuB\n7xOasSWYqTFI6ofxAKAwGFmn2Q7xTyenNrvjCQ8cuURkMejaJTb4psXLKJ+U/eJe\nHyZb5QrZOmmDkTsdM8mzpw==\n-----END PRIVATE KEY-----\n\n---stderr---\n\ncode: 0\n    at /opt/postman/app/resources/app/node_modules/pem/lib/openssl.js:80:23\n    at /opt/postman/app/resources/app/node_modules/pem/lib/openssl.js:222:7\n    at deleteSeries (/opt/postman/app/resources/app/node_modules/pem/lib/helper.js:130:14)\n    at Object.module.exports.deleteTempFiles (/opt/postman/app/resources/app/node_modules/pem/lib/helper.js:133:3)\n    at /opt/postman/app/resources/app/node_modules/pem/lib/openssl.js:221:12\n    at done (/opt/postman/app/resources/app/node_modules/pem/lib/openssl.js:160:18)\n    at ChildProcess.<anonymous> (/opt/postman/app/resources/app/node_modules/pem/lib/openssl.js:175:7)\n    at ChildProcess.emit (node:events:390:28)\n    at ChildProcess.emit (node:domain:475:12)\n    at maybeClose (node:internal/child_process:1064:16)"}]
[24164][1678584718147][main][info]["RuntimeIPCAgent~started: Success"]
[24164][1678584718264][main][info]["UpdateHandler~app-update-events - Received event",{"name":"checkForElectronVersionUpdated","namespace":"appUpdate"}]
[24164][1678584718274][main][info]["windowManager: First requester booted successfully."]
[24164][1678584718274][main][info]["windowManager~restoreWindows: Restoring requester windows"]
[24164][1678584718274][main][info]["Main~AppEvents - Received booted event for process requester.Version undefined UI Version: undefined Desktop Platform Version: 10.11.1"]
[24164][1678586514493][main][info]["Quitting app"]
[20899][1684494716900][main][info]["Booting Postman 10.13.0, linux-6.3.2-arch1-1 on x64"]
[20899][1684494716902][main][info]["EventBus~initialize - Success"]
[20899][1684494716903][main][info]["Proxy configuration has not been setup"]
[20899][1684494716904][main][info]["CloudProxyManager~init - Success"]
[20899][1684494716918][main][info]["performShellDataMigration: Migration has already been done. Bailing out"]
[20899][1684494716923][main][info]["UpdateHandler~init - Success"]
[20899][1684494716925][main][info]["LeaderSelection: Initialized successfully"]
[20899][1684494716925][main][info]["VersionDependencyService: Initialized successfully"]
[20899][1684494716930][main][info]["Generated root certificate for linux"]
[20899][1684494716932][main][info]["LinuxAutoUpdater~Cleanup - Initial cleanup successful"]
[20899][1684494716942][main][info]["GPU detected VID 4318 DID 7316 ACTIVE true"]
[20899][1684494716942][main][info]["GPU detected VID 32902 DID 39497 ACTIVE false"]
[20899][1684494716957][main][info]["shellController~init: Success"]
[20899][1684494716960][main][info]["shellMeta~init: Success"]
[20899][1684494716960][main][info]["partitionMigrationService: State of V7 partition:"]
[20899][1684494716960][main][info]["partitionMigrationService: V7 partitions",[]]
[20899][1684494716960][main][info]["partitionMigrationService~rectifyNamespaceOfScratchPadPartition: There is no partition with scratchpad namespace"]
[20899][1684494716961][main][info]["partitionMigrationService~rectifyNamespaceOfScratchPadPartition: There is no transit partition which could have been used for scratchpad"]
[20899][1684494716961][main][info]["partitionMigrationService~init: Success"]
[20899][1684494716968][main][info]["partitionMigrationService~runV8PartitionsIntegrity: Two way migration~ removing the following partitions from v8",[]]
[20899][1684494716971][main][info]["userPartitionService~_rectifyTheActivePartitionOfApplication: Setting the active partition to ",null]
[20899][1684494716976][main][info]["userPartitionService~init: Success"]
[20899][1684494716986][main][info]["userPartitionService: State of v8 partition system:"]
[20899][1684494716988][main][info]["shell~init~getPartitionToLoad: loading scratchpad partition"]
[20899][1684494716989][main][info]["userPartitionService: List of partitions:",[{"partitionId":"a4ecbc4f-6a48-4078-bee6-99768bffcbfd","namespace":"scratchPad","userId":0,"teamId":0,"isDirty":false}]]
[20899][1684494716989][main][info]["userPartitionService: users global meta:",{}]
[20899][1684494718572][main][info]["RuntimeIPCAgent~started: Success"]
[20899][1684494718741][main][info]["UpdateHandler~app-update-events - Received event",{"name":"checkForElectronVersionUpdated","namespace":"appUpdate"}]
[20899][1684494718742][main][info]["@postman/app-updater: version Updated","10.11.1","10.13.0"]
[20899][1684494718742][main][info]["UpdateHandler~app-update-events - Received event",{"name":"electronVersionUpdated","namespace":"appUpdate","data":{"lastKnownVersion":"10.11.1","currentVersion":"10.13.0"}}]
[20899][1684494718752][main][info]["windowManager: First requester booted successfully."]
[20899][1684494718752][main][info]["windowManager~restoreWindows: Restoring requester windows"]
[20899][1684494718752][main][info]["Main~AppEvents - Received booted event for process requester.Version undefined UI Version: undefined Desktop Platform Version: 10.13.0"]
[20899][1684494729431][main][info]["UpdateHandler~app-update-events - Received event",{"name":"updateElectron","namespace":"appUpdate","data":{"channel":"stable","version":"10.13.0","downloadVersion":"10.14.2","appId":"8180a135-ebab-44be-a4f2-8131c5413b70","userAgent":"Mozilla/5.0 (X11; Linux x86_64) AppleWebKit/537.36 (KHTML, like Gecko) Postman/10.13.0 Chrome/100.0.4896.160 Electron/18.3.5 Safari/537.36","platform":"LINUX","arch":"64","downloadURL":"https://dl.pstmn.io/download/version/10.14.2/linux_64","updateServerDomain":"https://dl.pstmn.io/","additionalParamsString":"installationId=8180a135-ebab-44be-a4f2-8131c5413b70&userId=0&syncEnabled=false&teamPlan=&teamId=0","userId":"0"}}]
[20899][1684494729432][main][info]["LinuxUpdater~downloadUpdate - UpdateInfo received",{"channel":"stable","version":"10.13.0","downloadVersion":"10.14.2","appId":"8180a135-ebab-44be-a4f2-8131c5413b70","userAgent":"Mozilla/5.0 (X11; Linux x86_64) AppleWebKit/537.36 (KHTML, like Gecko) Postman/10.13.0 Chrome/100.0.4896.160 Electron/18.3.5 Safari/537.36","platform":"LINUX","arch":"64","downloadURL":"https://dl.pstmn.io/download/version/10.14.2/linux_64","updateServerDomain":"https://dl.pstmn.io/","additionalParamsString":"installationId=8180a135-ebab-44be-a4f2-8131c5413b70&userId=0&syncEnabled=false&teamPlan=&teamId=0","userId":"0"}]
[20899][1684494729978][main][info]["@postman/app-updater: error",{"errno":-13,"code":"EACCES","syscall":"open","path":"/opt/postman/Postman-1684494729433.tar.gz","name":"Error","message":"EACCES: permission denied, open '/opt/postman/Postman-1684494729433.tar.gz'","stack":"Error: EACCES: permission denied, open '/opt/postman/Postman-1684494729433.tar.gz'"},{"packageName":"Postman","eID":"Postman-1684494729433","downloadURL":"https://dl.pstmn.io/download/version/10.14.2/linux_64","downloadDirectory":"/opt/postman","downloadInfo":{"status":"DOWNLOAD_ERROR","error":{"errno":-13,"code":"EACCES","syscall":"open","path":"/opt/postman/Postman-1684494729433.tar.gz"},"downloadDirectory":"/opt/postman"}}]
[20899][1684494729979][main][info]["UpdateHandler~app-update-events - Received event",{"name":"electronAppUpdateError","namespace":"appUpdate","data":{"error":{"errno":-13,"code":"EACCES","syscall":"open","path":"/opt/postman/Postman-1684494729433.tar.gz","name":"Error","message":"EACCES: permission denied, open '/opt/postman/Postman-1684494729433.tar.gz'","stack":"Error: EACCES: permission denied, open '/opt/postman/Postman-1684494729433.tar.gz'"},"updateData":{"packageName":"Postman","eID":"Postman-1684494729433","downloadURL":"https://dl.pstmn.io/download/version/10.14.2/linux_64","downloadDirectory":"/opt/postman","downloadInfo":{"status":"DOWNLOAD_ERROR","error":{"errno":-13,"code":"EACCES","syscall":"open","path":"/opt/postman/Postman-1684494729433.tar.gz"},"downloadDirectory":"/opt/postman"}}}}]
[20899][1684496104433][main][info]["WindowManager~closeHandler - Closed Window (id: 1 )"]
[20899][1684496104454][main][info]["Quitting app"]
